[public:localhost] ERROR   2020-10-20 22:23:03,905 Internal Server Error: /security/tenant/register/
Traceback (most recent call last):
  File "E:\js2\DrivePWJS\ProyectosDjango3\djflow\venv\lib\site-packages\django\db\backends\utils.py", line 84, in _execute
    return self.cursor.execute(sql, params)
psycopg2.errors.NotNullViolation: el valor null para la columna «paid_until» viola la restricción not null
DETAIL:  La fila que falla contiene (3, jasmany.localhost, jasmany, jasmany, t, null, null, 2020-10-20 00:00:00+00).


The above exception was the direct cause of the following exception:

Traceback (most recent call last):
  File "E:\js2\DrivePWJS\ProyectosDjango3\djflow\venv\lib\site-packages\django\core\handlers\exception.py", line 34, in inner
    response = get_response(request)
  File "E:\js2\DrivePWJS\ProyectosDjango3\djflow\venv\lib\site-packages\django\core\handlers\base.py", line 115, in _get_response
    response = self.process_exception_by_middleware(e, request)
  File "E:\js2\DrivePWJS\ProyectosDjango3\djflow\venv\lib\site-packages\django\core\handlers\base.py", line 113, in _get_response
    response = wrapped_callback(request, *callback_args, **callback_kwargs)
  File "E:\js2\DrivePWJS\ProyectosDjango3\djflow\venv\lib\site-packages\django\views\generic\base.py", line 71, in view
    return self.dispatch(request, *args, **kwargs)
  File "E:\js2\DrivePWJS\ProyectosDjango3\djflow\venv\lib\site-packages\django\views\generic\base.py", line 97, in dispatch
    return handler(request, *args, **kwargs)
  File "E:\js2\DrivePWJS\ProyectosDjango2\djflow\djflow\apps\security\views.py", line 215, in post
    client.save()  # Ejecutar las migraciones
  File "E:\js2\DrivePWJS\ProyectosDjango3\djflow\venv\lib\site-packages\tenant_schemas\models.py", line 67, in save
    super(TenantMixin, self).save(*args, **kwargs)
  File "E:\js2\DrivePWJS\ProyectosDjango3\djflow\venv\lib\site-packages\django\db\models\base.py", line 741, in save
    force_update=force_update, update_fields=update_fields)
  File "E:\js2\DrivePWJS\ProyectosDjango3\djflow\venv\lib\site-packages\django\db\models\base.py", line 779, in save_base
    force_update, using, update_fields,
  File "E:\js2\DrivePWJS\ProyectosDjango3\djflow\venv\lib\site-packages\django\db\models\base.py", line 870, in _save_table
    result = self._do_insert(cls._base_manager, using, fields, update_pk, raw)
  File "E:\js2\DrivePWJS\ProyectosDjango3\djflow\venv\lib\site-packages\django\db\models\base.py", line 908, in _do_insert
    using=using, raw=raw)
  File "E:\js2\DrivePWJS\ProyectosDjango3\djflow\venv\lib\site-packages\django\db\models\manager.py", line 82, in manager_method
    return getattr(self.get_queryset(), name)(*args, **kwargs)
  File "E:\js2\DrivePWJS\ProyectosDjango3\djflow\venv\lib\site-packages\django\db\models\query.py", line 1186, in _insert
    return query.get_compiler(using=using).execute_sql(return_id)
  File "E:\js2\DrivePWJS\ProyectosDjango3\djflow\venv\lib\site-packages\django\db\models\sql\compiler.py", line 1332, in execute_sql
    cursor.execute(sql, params)
  File "E:\js2\DrivePWJS\ProyectosDjango3\djflow\venv\lib\site-packages\django\db\backends\utils.py", line 99, in execute
    return super().execute(sql, params)
  File "E:\js2\DrivePWJS\ProyectosDjango3\djflow\venv\lib\site-packages\django\db\backends\utils.py", line 67, in execute
    return self._execute_with_wrappers(sql, params, many=False, executor=self._execute)
  File "E:\js2\DrivePWJS\ProyectosDjango3\djflow\venv\lib\site-packages\django\db\backends\utils.py", line 76, in _execute_with_wrappers
    return executor(sql, params, many, context)
  File "E:\js2\DrivePWJS\ProyectosDjango3\djflow\venv\lib\site-packages\django\db\backends\utils.py", line 84, in _execute
    return self.cursor.execute(sql, params)
  File "E:\js2\DrivePWJS\ProyectosDjango3\djflow\venv\lib\site-packages\django\db\utils.py", line 89, in __exit__
    raise dj_exc_value.with_traceback(traceback) from exc_value
  File "E:\js2\DrivePWJS\ProyectosDjango3\djflow\venv\lib\site-packages\django\db\backends\utils.py", line 84, in _execute
    return self.cursor.execute(sql, params)
django.db.utils.IntegrityError: el valor null para la columna «paid_until» viola la restricción not null
DETAIL:  La fila que falla contiene (3, jasmany.localhost, jasmany, jasmany, t, null, null, 2020-10-20 00:00:00+00).

[public:] WARNING 2020-10-20 22:27:34,342 Not Found: /
[jasmany:jasmany.localhost] ERROR   2020-10-20 22:32:06,860 Internal Server Error: /security/login/
Traceback (most recent call last):
  File "E:\js2\DrivePWJS\ProyectosDjango3\djflow\venv\lib\site-packages\django\core\handlers\exception.py", line 34, in inner
    response = get_response(request)
  File "E:\js2\DrivePWJS\ProyectosDjango3\djflow\venv\lib\site-packages\django\core\handlers\base.py", line 115, in _get_response
    response = self.process_exception_by_middleware(e, request)
  File "E:\js2\DrivePWJS\ProyectosDjango3\djflow\venv\lib\site-packages\django\core\handlers\base.py", line 113, in _get_response
    response = wrapped_callback(request, *callback_args, **callback_kwargs)
  File "E:\js2\DrivePWJS\ProyectosDjango3\djflow\venv\lib\site-packages\django\views\generic\base.py", line 71, in view
    return self.dispatch(request, *args, **kwargs)
  File "E:\js2\DrivePWJS\ProyectosDjango3\djflow\venv\lib\site-packages\django\views\generic\base.py", line 97, in dispatch
    return handler(request, *args, **kwargs)
  File "E:\js2\DrivePWJS\ProyectosDjango2\djflow\djflow\apps\security\views.py", line 38, in get
    if request.user.is_authenticated():
TypeError: 'bool' object is not callable
[jasmany:jasmany.localhost] WARNING 2020-10-20 22:32:07,022 Not Found: /favicon.ico
[jasmany:jasmany.localhost] WARNING 2020-10-20 22:40:24,186 Not Found: /media/jasmany.localhost/Users/1/profile/gad.png
[jasmany:jasmany.localhost] WARNING 2020-10-20 22:40:26,222 Not Found: /static/libs/bootstrap/css/bootstrap.min.css
[jasmany:jasmany.localhost] WARNING 2020-10-20 22:40:26,223 Not Found: /static/css/dashboard.css
[jasmany:jasmany.localhost] WARNING 2020-10-20 22:40:26,225 Not Found: /static/libs/jquery-ui/jquery-ui.css
[jasmany:jasmany.localhost] WARNING 2020-10-20 22:40:26,255 Not Found: /static/libs/font-awesome/css/font-awesome.min.css
[jasmany:jasmany.localhost] WARNING 2020-10-20 22:40:26,261 Not Found: /static/libs/jquery/jquery-1.12.4.js
[jasmany:jasmany.localhost] WARNING 2020-10-20 22:40:26,262 Not Found: /static/libs/jquery-ui/jquery-ui.js
[jasmany:jasmany.localhost] WARNING 2020-10-20 22:40:26,286 Not Found: /static/libs/popper/popper.min.js
[jasmany:jasmany.localhost] WARNING 2020-10-20 22:40:26,294 Not Found: /static/libs/bootstrap/js/bootstrap.min.js
[jasmany:jasmany.localhost] WARNING 2020-10-20 22:40:26,311 Not Found: /media/jasmany.localhost/Users/1/profile/gad.png
[jasmany:jasmany.localhost] WARNING 2020-10-20 22:40:26,394 Not Found: /static/libs/ie10/ie10-viewport-bug-workaround.js
[jasmany:jasmany.localhost] WARNING 2020-10-20 22:40:26,426 Not Found: /static/img/favicon.ico
[jasmany:jasmany.localhost] WARNING 2020-10-20 22:41:19,310 Not Found: /static/libs/bootstrap/css/bootstrap.min.css
[jasmany:jasmany.localhost] WARNING 2020-10-20 22:41:19,311 Not Found: /static/css/dashboard.css
[jasmany:jasmany.localhost] WARNING 2020-10-20 22:41:19,339 Not Found: /static/libs/jquery-ui/jquery-ui.css
[jasmany:jasmany.localhost] WARNING 2020-10-20 22:41:19,340 Not Found: /static/libs/font-awesome/css/font-awesome.min.css
[jasmany:jasmany.localhost] WARNING 2020-10-20 22:41:19,368 Not Found: /static/libs/jquery-ui/jquery-ui.js
[jasmany:jasmany.localhost] WARNING 2020-10-20 22:41:19,393 Not Found: /static/libs/popper/popper.min.js
[jasmany:jasmany.localhost] WARNING 2020-10-20 22:41:19,418 Not Found: /static/libs/bootstrap/js/bootstrap.min.js
[jasmany:jasmany.localhost] WARNING 2020-10-20 22:41:19,443 Not Found: /static/libs/ie10/ie10-viewport-bug-workaround.js
[jasmany:jasmany.localhost] WARNING 2020-10-20 22:41:19,455 Not Found: /media/jasmany.localhost/Users/1/profile/gad.png
[jasmany:jasmany.localhost] WARNING 2020-10-20 22:41:19,480 Not Found: /static/libs/jquery/jquery-1.12.4.js
[jasmany:jasmany.localhost] WARNING 2020-10-20 22:41:19,507 Not Found: /static/libs/jquery-ui/jquery-ui.js
[jasmany:jasmany.localhost] WARNING 2020-10-20 22:41:19,532 Not Found: /static/libs/popper/popper.min.js
[jasmany:jasmany.localhost] WARNING 2020-10-20 22:41:19,558 Not Found: /static/libs/bootstrap/js/bootstrap.min.js
[jasmany:jasmany.localhost] WARNING 2020-10-20 22:41:19,584 Not Found: /static/libs/ie10/ie10-viewport-bug-workaround.js
[jasmany:jasmany.localhost] WARNING 2020-10-20 22:41:19,612 Not Found: /static/img/favicon.ico
[jasmany:jasmany.localhost] WARNING 2020-10-20 22:41:22,622 Not Found: /static/libs/bootstrap/css/bootstrap.min.css
[jasmany:jasmany.localhost] WARNING 2020-10-20 22:41:22,624 Not Found: /static/css/dashboard.css
[jasmany:jasmany.localhost] WARNING 2020-10-20 22:41:22,625 Not Found: /static/libs/jquery-ui/jquery-ui.css
[jasmany:jasmany.localhost] WARNING 2020-10-20 22:41:22,628 Not Found: /static/libs/font-awesome/css/font-awesome.min.css
[jasmany:jasmany.localhost] WARNING 2020-10-20 22:42:38,329 Not Found: /static/libs/bootstrap/css/bootstrap.min.css
[jasmany:jasmany.localhost] WARNING 2020-10-20 22:42:38,330 Not Found: /static/css/dashboard.css
[jasmany:jasmany.localhost] WARNING 2020-10-20 22:42:38,360 Not Found: /static/libs/jquery-ui/jquery-ui.css
[jasmany:jasmany.localhost] WARNING 2020-10-20 22:42:38,362 Not Found: /static/libs/font-awesome/css/font-awesome.min.css
[jasmany:jasmany.localhost] WARNING 2020-10-20 22:42:38,395 Not Found: /static/libs/jquery/jquery-1.12.4.js
[jasmany:jasmany.localhost] WARNING 2020-10-20 22:42:38,397 Not Found: /static/libs/jquery-ui/jquery-ui.js
[jasmany:jasmany.localhost] WARNING 2020-10-20 22:42:38,428 Not Found: /static/libs/popper/popper.min.js
[jasmany:jasmany.localhost] WARNING 2020-10-20 22:42:38,429 Not Found: /static/libs/bootstrap/js/bootstrap.min.js
[jasmany:jasmany.localhost] WARNING 2020-10-20 22:42:38,459 Not Found: /static/libs/ie10/ie10-viewport-bug-workaround.js
[jasmany:jasmany.localhost] WARNING 2020-10-20 22:42:38,460 Not Found: /media/jasmany.localhost/Users/1/profile/gad.png
[jasmany:jasmany.localhost] WARNING 2020-10-20 22:42:38,490 Not Found: /static/img/favicon.ico
[jasmany:jasmany.localhost] WARNING 2020-10-20 22:42:52,788 Not Found: /static/libs/bootstrap/css/bootstrap.min.css
[jasmany:jasmany.localhost] WARNING 2020-10-20 22:42:52,789 Not Found: /static/css/dashboard.css
[jasmany:jasmany.localhost] WARNING 2020-10-20 22:42:52,797 Not Found: /static/libs/font-awesome/css/font-awesome.min.css
[jasmany:jasmany.localhost] WARNING 2020-10-20 22:42:52,803 Not Found: /static/libs/jquery-ui/jquery-ui.js
[jasmany:jasmany.localhost] WARNING 2020-10-20 22:42:52,805 Not Found: /static/libs/jquery/jquery-1.12.4.js
[jasmany:jasmany.localhost] WARNING 2020-10-20 22:42:52,821 Not Found: /static/libs/popper/popper.min.js
[jasmany:jasmany.localhost] WARNING 2020-10-20 22:42:52,823 Not Found: /static/libs/bootstrap/js/bootstrap.min.js
[jasmany:jasmany.localhost] WARNING 2020-10-20 22:42:52,828 Not Found: /static/libs/ie10/ie10-viewport-bug-workaround.js
[jasmany:jasmany.localhost] WARNING 2020-10-20 22:42:52,834 Not Found: /media/jasmany.localhost/Users/1/profile/gad.png
[jasmany:jasmany.localhost] WARNING 2020-10-20 22:42:52,885 Not Found: /static/libs/jquery-ui/jquery-ui.css
[jasmany:jasmany.localhost] WARNING 2020-10-20 22:42:52,911 Not Found: /static/libs/jquery-ui/jquery-ui.js
[jasmany:jasmany.localhost] WARNING 2020-10-20 22:42:52,937 Not Found: /static/libs/popper/popper.min.js
[jasmany:jasmany.localhost] WARNING 2020-10-20 22:42:52,964 Not Found: /static/libs/bootstrap/js/bootstrap.min.js
[jasmany:jasmany.localhost] WARNING 2020-10-20 22:42:53,094 Not Found: /static/libs/ie10/ie10-viewport-bug-workaround.js
[jasmany:jasmany.localhost] WARNING 2020-10-20 22:45:15,494 Not Found: /static/libs/bootstrap/css/bootstrap.min.css
[jasmany:jasmany.localhost] WARNING 2020-10-20 22:45:15,495 Not Found: /static/css/dashboard.css
[jasmany:jasmany.localhost] WARNING 2020-10-20 22:45:15,528 Not Found: /static/libs/jquery-ui/jquery-ui.css
[jasmany:jasmany.localhost] WARNING 2020-10-20 22:45:15,530 Not Found: /static/libs/font-awesome/css/font-awesome.min.css
[jasmany:jasmany.localhost] WARNING 2020-10-20 22:45:15,559 Not Found: /static/libs/jquery/jquery-1.12.4.js
[jasmany:jasmany.localhost] WARNING 2020-10-20 22:45:15,560 Not Found: /static/libs/jquery-ui/jquery-ui.js
[jasmany:jasmany.localhost] WARNING 2020-10-20 22:45:15,590 Not Found: /static/libs/popper/popper.min.js
[jasmany:jasmany.localhost] WARNING 2020-10-20 22:45:15,591 Not Found: /static/libs/bootstrap/js/bootstrap.min.js
[jasmany:jasmany.localhost] WARNING 2020-10-20 22:45:15,620 Not Found: /static/libs/ie10/ie10-viewport-bug-workaround.js
[jasmany:jasmany.localhost] WARNING 2020-10-20 22:45:15,622 Not Found: /media/jasmany.localhost/Users/1/profile/gad.png
[jasmany:jasmany.localhost] WARNING 2020-10-20 22:45:15,651 Not Found: /static/img/favicon.ico
[jasmany:jasmany.localhost] WARNING 2020-10-20 22:45:20,511 Not Found: /static/libs/bootstrap/css/bootstrap.min.css
[jasmany:jasmany.localhost] WARNING 2020-10-20 22:45:20,512 Not Found: /static/css/dashboard.css
[jasmany:jasmany.localhost] WARNING 2020-10-20 22:45:20,514 Not Found: /static/libs/jquery-ui/jquery-ui.css
[jasmany:jasmany.localhost] WARNING 2020-10-20 22:45:20,520 Not Found: /static/libs/font-awesome/css/font-awesome.min.css
[jasmany:jasmany.localhost] WARNING 2020-10-20 22:46:16,219 Not Found: /static/css/dashboard.css
[jasmany:jasmany.localhost] WARNING 2020-10-20 22:46:16,252 Not Found: /static/libs/jquery-ui/jquery-ui.css
[jasmany:jasmany.localhost] WARNING 2020-10-20 22:46:16,280 Not Found: /static/libs/font-awesome/css/font-awesome.min.css
[jasmany:jasmany.localhost] WARNING 2020-10-20 22:46:16,311 Not Found: /static/libs/jquery/jquery-1.12.4.js
[jasmany:jasmany.localhost] WARNING 2020-10-20 22:46:16,327 Not Found: /static/libs/bootstrap/css/bootstrap.min.css
[jasmany:jasmany.localhost] WARNING 2020-10-20 22:46:16,350 Not Found: /static/libs/jquery-ui/jquery-ui.js
[jasmany:jasmany.localhost] WARNING 2020-10-20 22:46:16,367 Not Found: /static/libs/bootstrap/js/bootstrap.min.js
[jasmany:jasmany.localhost] WARNING 2020-10-20 22:46:16,369 Not Found: /static/libs/popper/popper.min.js
[jasmany:jasmany.localhost] WARNING 2020-10-20 22:46:16,388 Not Found: /static/libs/ie10/ie10-viewport-bug-workaround.js
[jasmany:jasmany.localhost] WARNING 2020-10-20 22:46:16,404 Not Found: /media/jasmany.localhost/Users/1/profile/gad.png
[jasmany:jasmany.localhost] WARNING 2020-10-20 22:46:16,409 Not Found: /static/libs/bootstrap/js/bootstrap.min.js
[jasmany:jasmany.localhost] WARNING 2020-10-20 22:46:16,440 Not Found: /static/libs/ie10/ie10-viewport-bug-workaround.js
[jasmany:jasmany.localhost] WARNING 2020-10-20 22:46:16,475 Not Found: /static/img/favicon.ico
[jasmany:jasmany.localhost] WARNING 2020-10-20 22:47:27,314 Not Found: /static/libs/popper/popper.min.js.map
